<?xml version="1.0" encoding="utf-8"?><testsuites name="pytest tests"><testsuite name="pytest" errors="0" failures="0" skipped="3" tests="18" time="7.138" timestamp="2026-02-14T04:53:01.753812+00:00" hostname="agent-env-86064838-9910-47d0-b6f5-b1315b2c3591"><testcase classname="tests.test_payroll_anyminute_integration.TestAPIHealth" name="test_payroll_canada_api_health" time="0.250" /><testcase classname="tests.test_payroll_anyminute_integration.TestAPIHealth" name="test_anyminute_api_health" time="0.133" /><testcase classname="tests.test_payroll_anyminute_integration.TestAnyMinutePayrollAPI" name="test_payroll_employees_endpoint" time="0.134" /><testcase classname="tests.test_payroll_anyminute_integration.TestAnyMinutePayrollAPI" name="test_payroll_approved_entries_endpoint" time="0.101" /><testcase classname="tests.test_payroll_anyminute_integration.TestAnyMinutePayrollAPI" name="test_payroll_invalid_api_key" time="0.110" /><testcase classname="tests.test_payroll_anyminute_integration.TestAnyMinutePayrollAPI" name="test_payroll_missing_api_key" time="0.100" /><testcase classname="tests.test_payroll_anyminute_integration.TestPayrollCanadaAuth" name="test_payroll_login" time="0.456" /><testcase classname="tests.test_payroll_anyminute_integration.TestTimesheetPreviewIntegration" name="test_get_pay_periods" time="0.751" /><testcase classname="tests.test_payroll_anyminute_integration.TestTimesheetPreviewIntegration" name="test_create_or_get_pay_period" time="0.439" /><testcase classname="tests.test_payroll_anyminute_integration.TestTimesheetPreviewIntegration" name="test_timesheet_preview" time="0.698" /><testcase classname="tests.test_payroll_anyminute_integration.TestTimesheetImportIntegration" name="test_timesheet_import" time="0.684" /><testcase classname="tests.test_payroll_anyminute_integration.TestTimesheetImportIntegration" name="test_get_time_entries_after_import" time="0.529" /><testcase classname="tests.test_payroll_anyminute_integration.TestEmployeeMapping" name="test_get_employees" time="0.472" /><testcase classname="tests.test_payroll_anyminute_integration.TestEmployeeMapping" name="test_generate_demo_employees" time="0.631" /><testcase classname="tests.test_payroll_anyminute_integration.TestPayrollLockIntegration" name="test_payroll_lock_endpoint" time="0.101" /><testcase classname="tests.test_payroll_anyminute_integration.TestPayrollRunCalculation" name="test_create_payroll_run" time="0.440"><skipped type="pytest.skip" message="No open pay period available">/app/backend/tests/test_payroll_anyminute_integration.py:531: No open pay period available</skipped></testcase><testcase classname="tests.test_payroll_anyminute_integration.TestPayrollRunCalculation" name="test_calculate_payroll" time="0.506"><skipped type="pytest.skip" message="No open pay period available">/app/backend/tests/test_payroll_anyminute_integration.py:566: No open pay period available</skipped></testcase><testcase classname="tests.test_payroll_anyminute_integration.TestPayrollRunCalculation" name="test_get_payroll_lines" time="0.479"><skipped type="pytest.skip" message="No payroll runs available">/app/backend/tests/test_payroll_anyminute_integration.py:624: No payroll runs available</skipped></testcase></testsuite></testsuites>